#
# There is insufficient memory for the Java Runtime Environment to continue.
# Native memory allocation (malloc) failed to allocate 1048576 bytes. Error detail: AllocateHeap
# Possible reasons:
#   The system is out of physical RAM or swap space
#   This process is running with CompressedOops enabled, and the Java Heap may be blocking the growth of the native heap
# Possible solutions:
#   Reduce memory load on the system
#   Increase physical memory or swap space
#   Check if swap backing store is full
#   Decrease Java heap size (-Xmx/-Xms)
#   Decrease number of Java threads
#   Decrease Java thread stack sizes (-Xss)
#   Set larger code cache with -XX:ReservedCodeCacheSize=
#   JVM is running with Unscaled Compressed Oops mode in which the Java heap is
#     placed in the first 4GB address space. The Java Heap base address is the
#     maximum limit for the native heap growth. Please use -XX:HeapBaseMinAddress
#     to set the Java Heap base and to place the Java Heap above 4GB virtual address.
# This output file may be truncated or incomplete.
#
#  Out of Memory Error (allocation.cpp:44), pid=4292, tid=12140
#
# JRE version:  (17.0.11) (build )
# Java VM: OpenJDK 64-Bit Server VM (17.0.11+0--11852314, mixed mode, sharing, tiered, compressed oops, compressed class ptrs, g1 gc, windows-amd64)
# No core dump will be written. Minidumps are not enabled by default on client versions of Windows
#

---------------  S U M M A R Y ------------

Command Line: git4idea.http.GitAskPassApp Username for 'https://gitlab.cecs.anu.edu.au': 

Host: AMD Ryzen 7 7745HX with Radeon Graphics        , 16 cores, 15G,  Windows 11 , 64 bit Build 22621 (10.0.22621.3958)
Time: Wed Oct  9 20:12:35 2024  Windows 11 , 64 bit Build 22621 (10.0.22621.3958) elapsed time: 0.012077 seconds (0d 0h 0m 0s)

---------------  T H R E A D  ---------------

Current thread (0x000002bad7a6ac80):  JavaThread "Unknown thread" [_thread_in_vm, id=12140, stack(0x000000c048800000,0x000000c048900000)]

Stack: [0x000000c048800000,0x000000c048900000]
Native frames: (J=compiled Java code, j=interpreted, Vv=VM code, C=native code)
V  [jvm.dll+0x687bb9]
V  [jvm.dll+0x84142a]
V  [jvm.dll+0x8430ae]
V  [jvm.dll+0x843713]
V  [jvm.dll+0x24a35f]
V  [jvm.dll+0xa6cc3]
V  [jvm.dll+0x2dc984]
V  [jvm.dll+0x811eec]
V  [jvm.dll+0x36fb68]
V  [jvm.dll+0x7f0896]
V  [jvm.dll+0x3f3d2f]
V  [jvm.dll+0x3f58e1]
C  [jli.dll+0x528f]
C  [ucrtbase.dll+0x29333]
C  [KERNEL32.DLL+0x1257d]
C  [ntdll.dll+0x5af08]


---------------  P R O C E S S  ---------------

Threads class SMR info:
_java_thread_list=0x00007ff8da72efd8, length=0, elements={
}

Java Threads: ( => current thread )

Other Threads:

=>0x000002bad7a6ac80 (exited) JavaThread "Unknown thread" [_thread_in_vm, id=12140, stack(0x000000c048800000,0x000000c048900000)]

Threads with active compile tasks:

VM state: not at safepoint (not fully initialized)

VM Mutex/Monitor currently owned by a thread: None

Heap address: 0x0000000000000000, size: 0 MB, Compressed Oops mode: 32-bit

CDS archive(s) mapped at: [0x0000000000000000-0x0000000000000000-0x0000000000000000), size 0, SharedBaseAddress: 0x0000000800000000, ArchiveRelocationMode: 1.
Narrow klass base: 0x0000000000000000, Narrow klass shift: 0, Narrow klass range: 0x0

GC Precious Log:
<Empty>

GC Heap History (0 events):
No events

Dll operation events (1 events):
Event: 0.008 Loaded shared library D:\Android\jbr\bin\java.dll

Deoptimization events (0 events):
No events

Classes unloaded (0 events):
No events

Classes redefined (0 events):
No events

Internal exceptions (0 events):
No events

VM Operations (0 events):
No events

Events (0 events):
No events


Dynamic libraries:
0x00007ff63fc80000 - 0x00007ff63fc8a000 	D:\Android\jbr\bin\java.exe
0x00007ff96ea50000 - 0x00007ff96ec67000 	C:\Windows\SYSTEM32\ntdll.dll
0x00007ff96d2f0000 - 0x00007ff96d3b4000 	C:\Windows\System32\KERNEL32.DLL
0x00007ff96c3c0000 - 0x00007ff96c777000 	C:\Windows\System32\KERNELBASE.dll
0x00007ff96bf20000 - 0x00007ff96c031000 	C:\Windows\System32\ucrtbase.dll
0x00007ff944960000 - 0x00007ff944977000 	D:\Android\jbr\bin\jli.dll
0x00007ff9455b0000 - 0x00007ff9455cb000 	D:\Android\jbr\bin\VCRUNTIME140.dll
0x00007ff96d3e0000 - 0x00007ff96d58f000 	C:\Windows\System32\USER32.dll
0x00007ff96c0e0000 - 0x00007ff96c106000 	C:\Windows\System32\win32u.dll
0x00007ff96cbe0000 - 0x00007ff96cc09000 	C:\Windows\System32\GDI32.dll
0x00007ff953300000 - 0x00007ff953593000 	C:\Windows\WinSxS\amd64_microsoft.windows.common-controls_6595b64144ccf1df_6.0.22621.3672_none_2713b9d173822955\COMCTL32.dll
0x00007ff96be00000 - 0x00007ff96bf18000 	C:\Windows\System32\gdi32full.dll
0x00007ff96c890000 - 0x00007ff96c937000 	C:\Windows\System32\msvcrt.dll
0x00007ff96bd60000 - 0x00007ff96bdfa000 	C:\Windows\System32\msvcp_win.dll
0x00007ff96cd40000 - 0x00007ff96cd71000 	C:\Windows\System32\IMM32.DLL
0x00007ff946a20000 - 0x00007ff946a2c000 	D:\Android\jbr\bin\vcruntime140_1.dll
0x00007ff8e2cb0000 - 0x00007ff8e2d3d000 	D:\Android\jbr\bin\msvcp140.dll
0x00007ff8d9bf0000 - 0x00007ff8da873000 	D:\Android\jbr\bin\server\jvm.dll
0x00007ff96d590000 - 0x00007ff96d642000 	C:\Windows\System32\ADVAPI32.dll
0x00007ff96dec0000 - 0x00007ff96df68000 	C:\Windows\System32\sechost.dll
0x00007ff96c040000 - 0x00007ff96c068000 	C:\Windows\System32\bcrypt.dll
0x00007ff96e000000 - 0x00007ff96e114000 	C:\Windows\System32\RPCRT4.dll
0x00007ff96abd0000 - 0x00007ff96ac1d000 	C:\Windows\SYSTEM32\POWRPROF.dll
0x00007ff946e80000 - 0x00007ff946e89000 	C:\Windows\SYSTEM32\WSOCK32.dll
0x00007ff966d60000 - 0x00007ff966d94000 	C:\Windows\SYSTEM32\WINMM.dll
0x00007ff960f20000 - 0x00007ff960f2a000 	C:\Windows\SYSTEM32\VERSION.dll
0x00007ff96e980000 - 0x00007ff96e9f1000 	C:\Windows\System32\WS2_32.dll
0x00007ff96abb0000 - 0x00007ff96abc3000 	C:\Windows\SYSTEM32\UMPDC.dll
0x00007ff96ae60000 - 0x00007ff96ae78000 	C:\Windows\SYSTEM32\kernel.appcore.dll
0x00007ff9668e0000 - 0x00007ff9668ea000 	D:\Android\jbr\bin\jimage.dll
0x00007ff966da0000 - 0x00007ff966fd2000 	C:\Windows\SYSTEM32\DBGHELP.DLL
0x00007ff96e2e0000 - 0x00007ff96e66e000 	C:\Windows\System32\combase.dll
0x00007ff96cb00000 - 0x00007ff96cbd7000 	C:\Windows\System32\OLEAUT32.dll
0x00007ff947290000 - 0x00007ff9472c2000 	C:\Windows\SYSTEM32\dbgcore.DLL
0x00007ff96c1d0000 - 0x00007ff96c24b000 	C:\Windows\System32\bcryptPrimitives.dll
0x00007ff945580000 - 0x00007ff9455a5000 	D:\Android\jbr\bin\java.dll

dbghelp: loaded successfully - version: 4.0.5 - missing functions: none
symbol engine: initialized successfully - sym options: 0x614 - pdb path: .;D:\Android\jbr\bin;C:\Windows\SYSTEM32;C:\Windows\WinSxS\amd64_microsoft.windows.common-controls_6595b64144ccf1df_6.0.22621.3672_none_2713b9d173822955;D:\Android\jbr\bin\server

VM Arguments:
java_command: git4idea.http.GitAskPassApp Username for 'https://gitlab.cecs.anu.edu.au': 
java_class_path (initial): D:/Android/plugins/vcs-git/lib/git4idea-rt.jar;D:/Android/lib/externalProcess-rt.jar
Launcher Type: SUN_STANDARD

[Global flags]
     intx CICompilerCount                          = 12                                        {product} {ergonomic}
     uint ConcGCThreads                            = 3                                         {product} {ergonomic}
     uint G1ConcRefinementThreads                  = 13                                        {product} {ergonomic}
   size_t G1HeapRegionSize                         = 2097152                                   {product} {ergonomic}
    uintx GCDrainStackTargetSize                   = 64                                        {product} {ergonomic}
   size_t InitialHeapSize                          = 264241152                                 {product} {ergonomic}
   size_t MarkStackSize                            = 4194304                                   {product} {ergonomic}
   size_t MaxHeapSize                              = 4213178368                                {product} {ergonomic}
   size_t MinHeapDeltaBytes                        = 2097152                                   {product} {ergonomic}
   size_t MinHeapSize                              = 8388608                                   {product} {ergonomic}
    uintx NonNMethodCodeHeapSize                   = 7602480                                {pd product} {ergonomic}
    uintx NonProfiledCodeHeapSize                  = 122027880                              {pd product} {ergonomic}
    uintx ProfiledCodeHeapSize                     = 122027880                              {pd product} {ergonomic}
    uintx ReservedCodeCacheSize                    = 251658240                              {pd product} {ergonomic}
     bool SegmentedCodeCache                       = true                                      {product} {ergonomic}
   size_t SoftMaxHeapSize                          = 4213178368                             {manageable} {ergonomic}
     bool UseCompressedClassPointers               = true                           {product lp64_product} {ergonomic}
     bool UseCompressedOops                        = true                           {product lp64_product} {ergonomic}
     bool UseG1GC                                  = true                                      {product} {ergonomic}
     bool UseLargePagesIndividualAllocation        = false                                  {pd product} {ergonomic}

Logging:
Log output configuration:
 #0: stdout all=warning uptime,level,tags
 #1: stderr all=off uptime,level,tags

Environment Variables:
PATH=C:/Program Files/Git/mingw64/libexec/git-core;C:/Program Files/Git/mingw64/libexec/git-core;C:\Program Files\Git\mingw64\bin;C:\Program Files\Git\usr\bin;C:\Users\z\bin;C:\Python312\Scripts\;C:\Python312\;C:\Program Files\Common Files\Oracle\Java\javapath;C:\Program Files (x86)\Common Files\Oracle\Java\javapath;C:\Windows\system32;C:\Windows;C:\Windows\System32\Wbem;C:\Windows\System32\WindowsPowerShell\v1.0\;C:\Windows\System32\OpenSSH\;C:\Program Files (x86)\NVIDIA Corporation\PhysX\Common;C:\Program Files\NVIDIA Corporation\NVIDIA NvDLISR;C:\Program Files\Git\cmd;C:\Program Files\dotnet\;D:\nodejs\;C:\ProgramData\chocolatey\bin;C:\Program Files\PuTTY\;C:\Program Files\Docker\Docker\resources\bin;D:\gradle-8.10.1\bin;D:\apache-maven-3.8.8\bin;C:\Users\z\AppData\Local\Microsoft\WindowsApps;D:\Microsoft VS Code\bin;C:\Users\z\AppData\Roaming\npm;C:\Users\z\AppData\Local\gitkraken\bin
USERNAME=z
DISPLAY=:0.0
LC_ALL=en_US.UTF-8
TERM=xterm-256color
TMPDIR=C:\Users\z\AppData\Local\Temp
OS=Windows_NT
PROCESSOR_IDENTIFIER=AMD64 Family 25 Model 97 Stepping 2, AuthenticAMD
TMP=C:\Users\z\AppData\Local\Temp
TEMP=C:\Users\z\AppData\Local\Temp



Periodic native trim disabled

JNI global refs:
JNI global refs: 0, weak refs: 0

JNI global refs memory usage: 0, weak refs: 0

Process memory usage:
Resident Set Size: 11656K (0% of 16450588K total physical memory with 471184K free physical memory)

OOME stack traces (most recent first):
Classloader memory used:


---------------  S Y S T E M  ---------------

OS:
 Windows 11 , 64 bit Build 22621 (10.0.22621.3958)
OS uptime: 0 days 6:23 hours
Hyper-V role detected

CPU: total 16 (initial active 16) (16 cores per cpu, 2 threads per core) family 25 model 97 stepping 2 microcode 0x0, cx8, cmov, fxsr, ht, mmx, 3dnowpref, sse, sse2, sse3, ssse3, sse4a, sse4.1, sse4.2, popcnt, lzcnt, tsc, tscinvbit, avx, avx2, aes, erms, clmul, bmi1, bmi2, adx, avx512f, avx512dq, avx512cd, avx512bw, avx512vl, sha, fma, vzeroupper, avx512_vpopcntdq, avx512_vpclmulqdq, avx512_vaes, avx512_vnni, clflush, clflushopt, avx512_vbmi2, avx512_vbmi, hv
Processor Information for all 16 processors :
  Max Mhz: 3601, Current Mhz: 3601, Mhz Limit: 3601

Memory: 4k page, system-wide physical 16065M (460M free)
TotalPageFile size 31682M (AvailPageFile size 19M)
current process WorkingSet (physical memory assigned to process): 11M, peak: 11M
current process commit charge ("private bytes"): 14M, peak: 15M

vm_info: OpenJDK 64-Bit Server VM (17.0.11+0--11852314) for windows-amd64 JRE (17.0.11+0--11852314), built on May 16 2024 21:29:20 by "androidbuild" with MS VC++ 16.10 / 16.11 (VS2019)

END.
